<?xml version="1.0" encoding="UTF-8"?>
<testsuite xmlns:xsi="http://www.w3.org/2001/XMLSchema-instance" xsi:noNamespaceSchemaLocation="https://maven.apache.org/surefire/maven-surefire-plugin/xsd/surefire-test-report.xsd" name="com.cst.application.CalculatorTest" time="0.072" tests="3" errors="0" skipped="0" failures="0">
  <properties>
[...]
</properties>
  <testcase name="threeXThreeIsNine" classname="com.cst.application.CalculatorTest" time="0.007"/>
  <testcase name="twoAndThreeIsFive" classname="com.cst.application.CalculatorTest" time="0.001"/>
  <testcase name="threeMinusTwoIsOne" classname="com.cst.application.CalculatorTest" time="0"/>
</testsuite>